<?xml version="1.0" encoding="UTF-8"?>
<!-- Generated by org.testng.reporters.JUnitReportReporter -->
<testsuite skipped="0" hostname="vmwjupjas02" name="com.Test.CheckTerminals" tests="1" failures="0" timestamp="12 Jul 2019 06:46:56 GMT" time="40.549" errors="0">
  <testcase name="f" time="40.549" classname="com.Test.CheckTerminals"/>
</testsuite> <!-- com.Test.CheckTerminals -->
