<?xml version="1.0" encoding="UTF-8"?>
<!-- Generated by org.testng.reporters.JUnitReportReporter -->
<testsuite skipped="0" hostname="vmwjupjas02" name="RequestSpeedTest" tests="1" failures="0" timestamp="24 Jun 2019 09:55:30 GMT" time="19.154" errors="0">
  <testcase name="f" time="19.154" classname="RequestSpeedTest"/>
</testsuite> <!-- RequestSpeedTest -->
