<?xml version="1.0" encoding="UTF-8"?>
<!-- Generated by org.testng.reporters.JUnitReportReporter -->
<testsuite skipped="0" hostname="vmwjupjas02" name="com.nmcportal.RequestSpeedTest" tests="1" failures="0" timestamp="25 Jun 2019 06:23:31 GMT" time="21.690" errors="0">
  <testcase name="f" time="21.690" classname="com.nmcportal.RequestSpeedTest"/>
</testsuite> <!-- com.nmcportal.RequestSpeedTest -->
