<?xml version="1.0" encoding="UTF-8"?>
<!-- Generated by org.testng.reporters.JUnitReportReporter -->
<testsuite skipped="0" hostname="vmwjupjas02" name="com.Test.IgmStreamError" tests="1" failures="0" timestamp="11 Jul 2019 05:35:04 GMT" time="514.603" errors="0">
  <testcase name="f" time="514.603" classname="com.Test.IgmStreamError"/>
</testsuite> <!-- com.Test.IgmStreamError -->
