<?xml version="1.0" encoding="UTF-8"?>
<!-- Generated by org.testng.reporters.JUnitReportReporter -->
<testsuite skipped="0" hostname="vmwjupjas02" name="com.Test.TerminalStats" tests="1" failures="0" timestamp="12 Jul 2019 12:06:18 GMT" time="40.458" errors="0">
  <testcase name="f" time="40.458" classname="com.Test.TerminalStats"/>
</testsuite> <!-- com.Test.TerminalStats -->
