<?xml version="1.0" encoding="UTF-8"?>
<!-- Generated by org.testng.reporters.JUnitReportReporter -->
<testsuite skipped="0" hostname="vmwjupjas02" name="com.Test.Alarm" tests="1" failures="0" timestamp="15 Jul 2019 08:57:12 GMT" time="12.169" errors="0">
  <testcase name="f" time="12.169" classname="com.Test.Alarm"/>
</testsuite> <!-- com.Test.Alarm -->
