<?xml version="1.0" encoding="UTF-8"?>
<!-- Generated by org.testng.reporters.JUnitReportReporter -->
<testsuite skipped="0" hostname="vmwjupjas02" name="TerminalStats" tests="1" failures="0" timestamp="24 Jun 2019 09:47:41 GMT" time="32.289" errors="0">
  <testcase name="f" time="32.289" classname="TerminalStats"/>
</testsuite> <!-- TerminalStats -->
