<?xml version="1.0" encoding="UTF-8"?>
<!-- Generated by org.testng.reporters.JUnitReportReporter -->
<testsuite skipped="0" hostname="vmwjupjas02" name="com.Test.ResultSpeedTest" tests="1" failures="0" timestamp="15 Jul 2019 05:58:55 GMT" time="72.246" errors="0">
  <testcase name="f" time="72.246" classname="com.Test.ResultSpeedTest"/>
</testsuite> <!-- com.Test.ResultSpeedTest -->
