<?xml version="1.0" encoding="UTF-8"?>
<!-- Generated by org.testng.reporters.JUnitReportReporter -->
<testsuite skipped="0" hostname="vmwjupjas02" name="com.nmcportal.TerminalStats" tests="1" failures="0" timestamp="25 Jun 2019 06:26:12 GMT" time="32.440" errors="0">
  <testcase name="f" time="32.440" classname="com.nmcportal.TerminalStats"/>
</testsuite> <!-- com.nmcportal.TerminalStats -->
